<?xml version="1.0" encoding="UTF-8"?>
<!-- Generated by org.testng.reporters.JUnitXMLReporter -->
<testsuite ignored="0" hostname="DESKTOP-OCET1UD" failures="1" tests="2" name="Default test" time="10.522" errors="0" timestamp="2023-07-27T23:14:22 IST">
  <testcase classname="io.cucumber.testng.AbstractTestNGCucumberTests" name="runScenario" time="0.639">
    <failure type="org.junit.ComparisonFailure" message="expected:&amp;lt;[tru]e&amp;gt; but was:&amp;lt;[fals]e&amp;gt;">
      <![CDATA[org.junit.ComparisonFailure: expected:<[tru]e> but was:<[fals]e>
at org.junit.Assert.assertEquals(Assert.java:115)
at org.junit.Assert.assertEquals(Assert.java:144)
at StepDefination.DashboardOpearations.compare_the_email_address_is_correct_or_not_with_the_profile_email_address(DashboardOpearations.java:33)
at ✽.compare the email address is correct or not with the profile email address(file:///C:/Users/Srinivasa%20Rao/git/CucumberFramework/src/test/java/features/dashboard.feature:7)
]]>
    </failure>
  </testcase> <!-- runScenario -->
  <testcase classname="io.cucumber.testng.AbstractTestNGCucumberTests" name="runScenario" time="6.894"/>
</testsuite> <!-- Default test -->
